  main.cpp
  LINK : G:\GIT\GL_FactorGame\GL_FactorGame\Debug\GL_FactorGame.exe introuvable ou non généré par la dernière édition de liens incrémentielle ; édition de liens complète en cours
     Création de la bibliothèque G:\GIT\GL_FactorGame\GL_FactorGame\Debug\GL_FactorGame.lib et de l'objet G:\GIT\GL_FactorGame\GL_FactorGame\Debug\GL_FactorGame.exp
Load_Image.obj : warning LNK4049: symbole défini localement ___glewActiveTexture importé
Load_Image.obj : warning LNK4049: symbole défini localement ___glewUniform1i importé
main.obj : warning LNK4217: symbole défini localement ___glewUniform1i importé dans la fonction "void __cdecl Initialize_ALL(void)" (?Initialize_ALL@@YAXXZ)
Load_Image.obj : warning LNK4049: symbole défini localement ___glewGetUniformLocation importé
main.obj : warning LNK4049: symbole défini localement ___glewGetUniformLocation importé
main.obj : warning LNK4049: symbole défini localement ___glewVertexAttribPointer importé
main.obj : warning LNK4049: symbole défini localement ___glewEnableVertexAttribArray importé
main.obj : warning LNK4049: symbole défini localement ___glewBufferData importé
main.obj : warning LNK4049: symbole défini localement ___glewBindBuffer importé
main.obj : warning LNK4049: symbole défini localement ___glewGenBuffers importé
main.obj : warning LNK4049: symbole défini localement ___glewUseProgram importé
main.obj : warning LNK4049: symbole défini localement ___glewUniformMatrix4fv importé
main.obj : warning LNK4049: symbole défini localement ___glewPatchParameteri importé
main.obj : warning LNK4049: symbole défini localement ___glewBindVertexArray importé
main.obj : warning LNK4049: symbole défini localement ___glewGenVertexArrays importé
main.obj : warning LNK4049: symbole défini localement ___glewDeleteProgram importé
main.obj : warning LNK4049: symbole défini localement ___glewDeleteBuffers importé
main.obj : warning LNK4217: symbole défini localement _glewIsSupported@4 importé dans la fonction _main
main.obj : warning LNK4049: symbole défini localement ___GLEW_ARB_fragment_shader importé
main.obj : warning LNK4049: symbole défini localement ___GLEW_ARB_vertex_shader importé
main.obj : warning LNK4217: symbole défini localement _glewInit@0 importé dans la fonction _main
Shader_Compiler.obj : warning LNK4049: symbole défini localement ___glewDeleteShader importé
Shader_Compiler.obj : warning LNK4049: symbole défini localement ___glewLinkProgram importé
Shader_Compiler.obj : warning LNK4049: symbole défini localement ___glewAttachShader importé
Shader_Compiler.obj : warning LNK4049: symbole défini localement ___glewCreateProgram importé
Shader_Compiler.obj : warning LNK4049: symbole défini localement ___glewGetShaderInfoLog importé
Shader_Compiler.obj : warning LNK4049: symbole défini localement ___glewCompileShader importé
Shader_Compiler.obj : warning LNK4049: symbole défini localement ___glewShaderSource importé
Shader_Compiler.obj : warning LNK4049: symbole défini localement ___glewCreateShader importé
  GL_FactorGame.vcxproj -> G:\GIT\GL_FactorGame\GL_FactorGame\Debug\GL_FactorGame.exe
